2023-12-15 12:44:40,749 - DEBUG - Read 6 items
2023-12-15 12:44:40,753 - DEBUG - Read 6 items
2023-12-15 12:44:42,180 - DEBUG - Read 6 items
2023-12-15 15:12:03,785 - DEBUG - Read 6 items
2023-12-15 15:12:03,791 - DEBUG - Read 6 items
2023-12-15 15:12:11,731 - DEBUG - Read 6 items
2023-12-15 15:13:17,183 - DEBUG - Read 7 items
2023-12-15 15:13:17,187 - DEBUG - Read 7 items
2023-12-15 15:13:22,754 - DEBUG - Read 8 items
2023-12-15 15:13:22,758 - DEBUG - Read 8 items
2023-12-15 15:13:25,559 - DEBUG - Read item: h
2023-12-15 15:13:25,563 - DEBUG - Read item: h
2023-12-15 15:13:28,521 - DEBUG - Read 8 items
2023-12-15 15:13:28,524 - DEBUG - Read 8 items
2023-12-15 15:14:24,213 - DEBUG - Read 7 items
2023-12-15 15:14:38,457 - DEBUG - Read 7 items
2023-12-15 15:14:44,078 - DEBUG - Read 7 items
2023-12-15 15:14:49,680 - DEBUG - Read 7 items
2023-12-15 15:15:26,246 - DEBUG - Read item: Project 7
2023-12-15 15:15:26,251 - DEBUG - Read item: Project 7
2023-12-15 15:15:38,885 - DEBUG - Read 7 items
2023-12-15 15:15:38,889 - DEBUG - Read 7 items
2023-12-15 15:15:48,610 - DEBUG - Read 6 items
2023-12-15 15:15:48,614 - DEBUG - Read 6 items
2023-12-15 15:15:50,013 - DEBUG - Read 6 items
2023-12-15 12:44:34,699 - INFO - Connected to MongoDB
2023-12-15 14:47:54,820 - INFO - Connected to MongoDB
2023-12-15 15:11:00,740 - INFO - Connected to MongoDB
2023-12-15 15:13:17,169 - INFO - Created item: Project 7
2023-12-15 15:13:22,738 - INFO - Created item: h
2023-12-15 15:13:28,506 - INFO - Updated item: h
2023-12-15 15:13:31,440 - INFO - Deleted item: g
2023-12-15 15:15:38,871 - INFO - Updated item: Project 7
2023-12-15 15:15:42,092 - INFO - Deleted item: Project 7
2023-12-15 15:48:18,504 - INFO - Connected to MongoDB
2023-12-15 15:54:01,029 - INFO - Connected to MongoDB
2023-12-15 15:58:16,101 - INFO - Connected to MongoDB
2023-12-15 16:03:15,000 - INFO - Connected to MongoDB
2023-12-15 16:07:16,671 - INFO - Connected to MongoDB
2023-12-15 16:08:44,291 - INFO - Connected to MongoDB
2023-12-15 15:12:39,126 - WARNING - Attempted to delete non-existent item: 2
2023-12-15 15:12:45,568 - WARNING - Attempted to delete non-existent item: Project 47
2023-12-15 15:13:38,854 - WARNING - Attempted to update non-existent item: g
2023-12-15 15:14:19,027 - WARNING - Attempted to create duplicate item: Project 6
